code-creation,Stub,2,0x15a0a000,213,"JSEntryStub"
code-creation,Stub,2,0x15a0a0e0,213,"JSConstructEntryStub"
code-creation,Stub,2,0x15a0a1c0,557,"CEntryStub"
code-creation,Stub,2,0x15a0a400,97,"StoreBufferOverflowStub"
code-creation,Stub,2,0x15a0a480,197,"StoreBufferOverflowStub"
code-creation,Stub,2,0x15a0a560,1420,"RecordWriteStub"
code-creation,Stub,2,0x15a0ab00,1433,"RecordWriteStub"
code-creation,Stub,2,0x15a0b0a0,611,"RecordWriteStub"
code-creation,Stub,2,0x15a0b320,611,"RecordWriteStub"
code-creation,Stub,2,0x15a0b5a0,1433,"RecordWriteStub"
code-creation,Stub,2,0x15a0bb40,1433,"RecordWriteStub"
code-creation,Stub,2,0x15a0c0e0,1453,"RecordWriteStub"
code-creation,Stub,2,0x15a0c6a0,1461,"RecordWriteStub"
code-creation,Stub,2,0x15a0cc60,1433,"RecordWriteStub"
code-creation,Stub,2,0x15a0d200,1433,"RecordWriteStub"
code-creation,Stub,2,0x15a0d7a0,611,"RecordWriteStub"
code-creation,Stub,2,0x15a0da20,1437,"RecordWriteStub"
code-creation,Stub,2,0x15a0dfc0,1428,"RecordWriteStub"
code-creation,Stub,2,0x15a0e560,1448,"RecordWriteStub"
code-creation,Stub,2,0x15a0eb20,1453,"RecordWriteStub"
code-creation,Builtin,4,0x15a0f0e0,77,"Illegal"
code-creation,Builtin,4,0x15a0f140,77,"EmptyFunction"
code-creation,Builtin,4,0x15a0f1a0,77,"InternalArrayCodeGeneric"
code-creation,Builtin,4,0x15a0f200,77,"ArrayCodeGeneric"
code-creation,Builtin,4,0x15a0f260,77,"ArrayPush"
code-creation,Builtin,4,0x15a0f2c0,77,"ArrayPop"
code-creation,Builtin,4,0x15a0f320,77,"ArrayShift"
code-creation,Builtin,4,0x15a0f380,77,"ArrayUnshift"
code-creation,Builtin,4,0x15a0f3e0,77,"ArraySlice"
code-creation,Builtin,4,0x15a0f440,77,"ArraySplice"
code-creation,Builtin,4,0x15a0f4a0,77,"ArrayConcat"
code-creation,Builtin,4,0x15a0f500,80,"HandleApiCall"
code-creation,Builtin,4,0x15a0f560,80,"HandleApiCallConstruct"
code-creation,Builtin,4,0x15a0f5c0,77,"HandleApiCallAsFunction"
code-creation,Builtin,4,0x15a0f620,77,"HandleApiCallAsConstructor"
code-creation,Builtin,4,0x15a0f680,77,"StrictModePoisonPill"
code-creation,Builtin,4,0x15a0f6e0,174,"ArgumentsAdaptorTrampoline"
code-creation,Builtin,4,0x15a0f7a0,75,"InRecompileQueue"
code-creation,Builtin,4,0x15a0f800,491,"JSConstructStubCountdown"
code-creation,Builtin,4,0x15a0fa00,432,"JSConstructStubGeneric"
code-creation,Builtin,4,0x15a0fbc0,406,"JSConstructStubApi"
code-creation,Builtin,4,0x15a0fd60,157,"JSEntryTrampoline"
code-creation,Stub,2,0x15a0fe00,148,"CallConstructStub"
code-creation,Builtin,4,0x15a0fea0,126,"JSConstructEntryTrampoline"
code-creation,Builtin,4,0x15a0ff20,101,"LazyCompile"
code-creation,Builtin,4,0x15a0ffa0,101,"LazyRecompile"
code-creation,Builtin,4,0x15a10020,107,"ParallelRecompile"
code-creation,Builtin,4,0x15a100a0,143,"NotifyDeoptimized"
code-creation,Builtin,4,0x15a10140,143,"NotifyLazyDeoptimized"
code-creation,Builtin,4,0x15a101e0,94,"NotifyICMiss"
code-creation,Builtin,4,0x15a10240,91,"NotifyOSR"
code-creation,Builtin,4,0x15a102a0,83,"LoadIC_Miss"
code-creation,Builtin,4,0x15a10300,83,"KeyedLoadIC_Miss"
code-creation,Builtin,4,0x15a10360,83,"KeyedLoadIC_MissForceGeneric"
code-creation,Builtin,4,0x15a103c0,83,"KeyedLoadIC_Slow"
code-creation,Builtin,4,0x15a10420,84,"StoreIC_Miss"
code-creation,Builtin,4,0x15a10480,84,"KeyedStoreIC_Miss"
code-creation,Builtin,4,0x15a104e0,84,"KeyedStoreIC_MissForceGeneric"
code-creation,Builtin,4,0x15a10540,84,"KeyedStoreIC_Slow"
code-creation,Builtin,5,0x15a105a0,83,"LoadIC_Initialize"
code-creation,Builtin,5,0x15a10600,83,"LoadIC_PreMonomorphic"
code-creation,Stub,2,0x15a10660,740,"StringDictionaryLookupStub"
code-creation,Builtin,5,0x15a10960,313,"LoadIC_Normal"
code-creation,Builtin,5,0x15a10aa0,95,"LoadIC_ArrayLength"
code-creation,Builtin,5,0x15a10b00,97,"LoadIC_StringLength"
code-creation,Builtin,5,0x15a10b80,139,"LoadIC_StringWrapperLength"
code-creation,Builtin,5,0x15a10c20,145,"LoadIC_FunctionPrototype"
code-creation,Builtin,5,0x15a10cc0,266,"LoadIC_Megamorphic"
code-creation,Builtin,5,0x15a10de0,80,"LoadIC_Getter_ForDeopt"
code-creation,Builtin,6,0x15a10e40,83,"KeyedLoadIC_Initialize"
code-creation,Builtin,6,0x15a10ea0,83,"KeyedLoadIC_PreMonomorphic"
code-creation,Stub,2,0x15a10f00,740,"StringDictionaryLookupStub"
code-creation,Builtin,6,0x15a11200,890,"KeyedLoadIC_Generic"
code-creation,Builtin,6,0x15a11580,499,"KeyedLoadIC_String"
code-creation,Builtin,6,0x15a11780,144,"KeyedLoadIC_IndexedInterceptor"
code-creation,Builtin,6,0x15a11820,216,"KeyedLoadIC_NonStrictArguments"
code-creation,Builtin,9,0x15a11900,84,"StoreIC_Initialize"
code-creation,Builtin,9,0x15a11960,165,"StoreIC_ArrayLength"
code-creation,Stub,2,0x15a11a20,740,"StringDictionaryLookupStub"
code-creation,Builtin,9,0x15a11d20,365,"StoreIC_Normal"
code-creation,Builtin,9,0x15a11ea0,293,"StoreIC_Megamorphic"
code-creation,Builtin,9,0x15a11fe0,88,"StoreIC_GlobalProxy"
code-creation,Builtin,9,0x15a12040,84,"StoreIC_Initialize_Strict"
code-creation,Builtin,9,0x15a120a0,165,"StoreIC_ArrayLength_Strict"
code-creation,Builtin,9,0x15a12160,365,"StoreIC_Normal_Strict"
code-creation,Builtin,9,0x15a122e0,293,"StoreIC_Megamorphic_Strict"
code-creation,Builtin,9,0x15a12420,88,"StoreIC_GlobalProxy_Strict"
code-creation,Builtin,9,0x15a12480,82,"StoreIC_Setter_ForDeopt"
code-creation,Builtin,10,0x15a124e0,84,"KeyedStoreIC_Initialize"
code-creation,Builtin,10,0x15a12540,1926,"KeyedStoreIC_Generic"
code-creation,Builtin,10,0x15a12ce0,84,"KeyedStoreIC_Initialize_Strict"
code-creation,Builtin,10,0x15a12d40,1926,"KeyedStoreIC_Generic_Strict"
code-creation,Stub,2,0x15a134e0,1425,"RecordWriteStub"
code-creation,Builtin,10,0x15a13a80,286,"KeyedStoreIC_NonStrictArguments"
code-creation,Builtin,4,0x15a13ba0,315,"TransitionElementsSmiToDouble"
code-creation,Builtin,4,0x15a13ce0,418,"TransitionElementsDoubleToObject"
code-creation,Builtin,4,0x15a13ea0,376,"FunctionCall"
code-creation,Builtin,4,0x15a14020,388,"FunctionApply"
code-creation,Stub,2,0x15a141c0,613,"RecordWriteStub"
code-creation,Builtin,4,0x15a14440,605,"InternalArrayCode"
code-creation,Builtin,4,0x15a146a0,605,"ArrayCode"
code-creation,Builtin,4,0x15a14900,608,"ArrayConstructCode"
code-creation,Builtin,4,0x15a14b60,357,"StringConstructCode"
code-creation,Stub,2,0x15a14ce0,76,"StackCheckStub"
code-creation,Builtin,4,0x15a14d40,538,"OnStackReplacement"
code-creation,Builtin,4,0x15a14f60,101,"MakeQuadragenarianCodeYoungAgainOddMarking"
code-creation,Builtin,4,0x15a14fe0,101,"MakeQuadragenarianCodeYoungAgainEvenMarking"
code-creation,Builtin,4,0x15a15060,101,"MakeQuinquagenarianCodeYoungAgainOddMarking"
code-creation,Builtin,4,0x15a150e0,101,"MakeQuinquagenarianCodeYoungAgainEvenMarking"
code-creation,Builtin,4,0x15a15160,101,"MakeSexagenarianCodeYoungAgainOddMarking"
code-creation,Builtin,4,0x15a151e0,101,"MakeSexagenarianCodeYoungAgainEvenMarking"
code-creation,Builtin,4,0x15a15260,101,"MakeSeptuagenarianCodeYoungAgainOddMarking"
code-creation,Builtin,4,0x15a152e0,101,"MakeSeptuagenarianCodeYoungAgainEvenMarking"
code-creation,Builtin,4,0x15a15360,101,"MakeOctogenarianCodeYoungAgainOddMarking"
code-creation,Builtin,4,0x15a153e0,101,"MakeOctogenarianCodeYoungAgainEvenMarking"
code-creation,Builtin,4,0x15a15460,107,"Return_DebugBreak"
code-creation,Builtin,4,0x15a154e0,104,"CallFunctionStub_DebugBreak"
code-creation,Builtin,4,0x15a15560,106,"CallFunctionStub_Recording_DebugBreak"
code-creation,Builtin,4,0x15a155e0,110,"CallConstructStub_DebugBreak"
code-creation,Builtin,4,0x15a15660,112,"CallConstructStub_Recording_DebugBreak"
code-creation,Builtin,5,0x15a156e0,106,"LoadIC_DebugBreak"
code-creation,Builtin,6,0x15a15760,106,"KeyedLoadIC_DebugBreak"
code-creation,Builtin,9,0x15a157e0,108,"StoreIC_DebugBreak"
code-creation,Builtin,10,0x15a15860,108,"KeyedStoreIC_DebugBreak"
code-creation,Builtin,4,0x15a158e0,105,"Slot_DebugBreak"
code-creation,Builtin,4,0x15a15960,65,"PlainReturn_LiveEdit"
code-creation,Builtin,4,0x15a159c0,93,"FrameDropper_LiveEdit"
code-creation,Stub,2,0x15a15a20,183,"CallConstructStub_Recording"
code-creation,Stub,2,0x15a15ae0,76,"InterruptStub"
code-creation,Script,0,0x15a15b40,612,"native runtime.js",0x1e50b89c,
code-creation,CallInitialize,7,0x15a15dc0,178,"args_count: 1"
code-creation,CallInitialize,7,0x15a15e80,178,"args_count: 2"
code-creation,LazyCompile,0,0x15a15f40,1668,"EQUALS native runtime.js:54",0x1e50a468,
code-creation,LazyCompile,0,0x15a165e0,376,"STRICT_EQUALS native runtime.js:100",0x1e50a4d0,
code-creation,Stub,2,0x15a16760,217,"StringCompareStub"
code-creation,Stub,13,0x15a16840,104,"CompareICStub"
code-creation,LazyCompile,0,0x15a168c0,924,"COMPARE native runtime.js:120",0x1e50a538,
code-creation,Stub,2,0x15a16c60,1290,"StringAddStub"
code-creation,LazyCompile,0,0x15a17180,596,"ADD native runtime.js:163",0x1e50a5a0,
code-creation,LazyCompile,0,0x15a173e0,296,"SUB native runtime.js:214",0x1e50a6d8,
code-creation,LazyCompile,0,0x15a17520,296,"MUL native runtime.js:222",0x1e50a740,
code-creation,LazyCompile,0,0x15a17660,296,"DIV native runtime.js:230",0x1e50a7a8,
code-creation,LazyCompile,0,0x15a177a0,296,"MOD native runtime.js:238",0x1e50a810,
code-creation,LazyCompile,0,0x15a178e0,296,"BIT_OR native runtime.js:252",0x1e50a878,
code-creation,LazyCompile,0,0x15a17a20,384,"BIT_AND native runtime.js:260",0x1e50a8e0,
code-creation,LazyCompile,0,0x15a17ba0,296,"BIT_XOR native runtime.js:282",0x1e50a948,
code-creation,LazyCompile,0,0x15a17ce0,244,"UNARY_MINUS native runtime.js:290",0x1e50a9b0,
code-creation,LazyCompile,0,0x15a17de0,244,"BIT_NOT native runtime.js:297",0x1e50aa18,
code-creation,LazyCompile,0,0x15a17ee0,296,"SHL native runtime.js:304",0x1e50aa80,
code-creation,LazyCompile,0,0x15a18020,384,"SAR native runtime.js:312",0x1e50aae8,
code-creation,LazyCompile,0,0x15a181a0,296,"SHR native runtime.js:334",0x1e50ab50,
code-creation,LazyCompile,0,0x15a182e0,228,"DELETE native runtime.js:348",0x1e50abb8,
code-creation,Stub,2,0x15a183e0,379,"FastCloneShallowArrayStub"
code-creation,Stub,2,0x15a18560,234,"StoreArrayLiteralElementStub"
code-creation,LazyCompile,0,0x15a18660,376,"IN native runtime.js:354",0x1e50ac20,
code-creation,Stub,13,0x15a187e0,104,"CompareICStub"
code-creation,Stub,2,0x15a18860,367,"FastCloneShallowArrayStub"
code-creation,Stub,14,0x15a189e0,85,"ToBooleanStub_None"
code-creation,LazyCompile,0,0x15a18a40,636,"INSTANCE_OF native runtime.js:367",0x1e50ac88,
code-creation,LazyCompile,0,0x15a18cc0,236,"FILTER_KEY native runtime.js:398",0x1e50acf0,
code-creation,Stub,2,0x15a18dc0,353,"ArgumentsAccessStub_NewNonStrictFast"
code-creation,LazyCompile,0,0x15a18f40,376,"CALL_NON_FUNCTION native runtime.js:405",0x1e50ad58,
code-creation,LazyCompile,0,0x15a190c0,376,"CALL_NON_FUNCTION_AS_CONSTRUCTOR native runtime.js:414",0x1e50adc0,
code-creation,Stub,12,0x15a19240,88,"BinaryOpStub_SUB_Alloc_Uninitialized+Uninitialized"
code-creation,Stub,2,0x15a192a0,130,"ArgumentsAccessStub_ReadElement"
code-creation,LazyCompile,0,0x15a19340,288,"CALL_FUNCTION_PROXY native runtime.js:423",0x1e50ae28,
code-creation,LazyCompile,0,0x15a19460,260,"CALL_FUNCTION_PROXY_AS_CONSTRUCTOR native runtime.js:431",0x1e50ae90,
code-creation,LazyCompile,0,0x15a19580,188,"TO_OBJECT native runtime.js:482",0x1e50afc8,
code-creation,LazyCompile,0,0x15a19640,188,"TO_NUMBER native runtime.js:488",0x1e50b030,
code-creation,LazyCompile,0,0x15a19700,188,"TO_STRING native runtime.js:494",0x1e50b098,
code-creation,Stub,2,0x15a197c0,195,"NumberToStringStub"
code-creation,LazyCompile,0,0x15a198a0,572,"STRING_ADD_LEFT native runtime.js:183",0x1e50a608,
code-creation,LazyCompile,0,0x15a19ae0,580,"STRING_ADD_RIGHT native runtime.js:198",0x1e50a670,
code-creation,Stub,13,0x15a19d40,104,"CompareICStub"
code-creation,Stub,13,0x15a19dc0,104,"CompareICStub"
code-creation,Stub,13,0x15a19e40,104,"CompareICStub"
code-creation,Stub,2,0x15a19ec0,325,"FastCloneShallowArrayStub"
code-creation,LazyCompile,0,0x15a1a020,964,"APPLY_PREPARE native runtime.js:438",0x1e50aef8,
code-creation,LazyCompile,0,0x15a1a400,220,"APPLY_OVERFLOW native runtime.js:476",0x1e50af60,
code-creation,CallInitialize,7,0x15a1a4e0,180,"args_count: 0"
code-creation,CallInitialize,7,0x15a1a5a0,180,"args_count: 12"
code-creation,CallInitialize,7,0x15a1a660,189,"args_count: 38"
code-creation,CallInitialize,7,0x15a1a720,180,"args_count: 3"
code-creation,Script,0,0x15a1a7e0,1620,"native v8natives.js",0x1e50f364,
code-creation,CallPreMonomorphic,7,0x15a1ae40,180,"args_count: 0"
code-creation,CallInitialize,7,0x15a1af00,180,"args_count: 10"
code-creation,LazyCompile,0,0x15a1afc0,452,"SetUpGlobal native v8natives.js:187",0x1e50ccf8,
code-creation,CallPreMonomorphic,7,0x15a1b1a0,180,"args_count: 10"
code-creation,CallPreMonomorphic,7,0x15a1b260,180,"args_count: 3"
code-creation,Stub,12,0x15a1b320,88,"BinaryOpStub_SAR_Alloc_Uninitialized+Uninitialized"
code-creation,Stub,12,0x15a1b380,88,"BinaryOpStub_ADD_Alloc_Uninitialized+Uninitialized"
code-creation,LazyCompile,0,0x15a1b3e0,564,"InstallFunctions native v8natives.js:48",0x1e50c9b8,
code-creation,Stub,13,0x15a1b620,122,"CompareICStub"
code-creation,Stub,12,0x15a1b6a0,122,"BinaryOpStub_SAR_Alloc_SMI+SMI"
code-creation,Stub,13,0x15a1b720,122,"CompareICStub"
code-creation,Stub,3,0x15a1b7a0,140,"KeyedLoadElementStub"
code-creation,KeyedLoadIC,6,0x15a1b840,91,""
code-creation,KeyedLoadIC,6,0x15a1b840,91,"args_count: 0"
code-creation,Stub,12,0x15a1b8a0,117,"BinaryOpStub_ADD_Alloc_SMI+SMI"
code-creation,CallInitialize,7,0x15a1b920,180,"args_count: 1"
code-creation,LazyCompile,0,0x15a1b9e0,292," native v8natives.js:215",0x1e50ea30,
code-creation,LazyCompile,0,0x15a1b9e0,292," native v8natives.js:215",0x1e50ea30,
code-creation,CallPreMonomorphic,7,0x15a1bb20,180,"args_count: 1"
code-creation,LazyCompile,0,0x15a1bbe0,440,"ToBoolean native runtime.js:517",0x1e50b168,
code-creation,StoreIC,9,0x15a1bda0,143,"constructor"
code-creation,StoreIC,9,0x15a1bda0,143,"constructor"
code-creation,CallPreMonomorphic,7,0x15a1be40,180,"args_count: 12"
code-creation,CallPreMonomorphic,7,0x15a1bf00,189,"args_count: 38"
code-creation,Stub,12,0x15a1bfc0,88,"BinaryOpStub_ADD_OverwriteLeft_Uninitialized+Uninitialized"
code-creation,Stub,2,0x15a1c020,98,"ToNumberStub"
code-creation,LazyCompile,0,0x15a1c0a0,816,"SetUpLockedPrototype native v8natives.js:77",0x1e50ca88,
code-creation,Stub,14,0x15a1c3e0,116,"ToBooleanStub_SpecObject"
code-creation,Stub,12,0x15a1c460,117,"BinaryOpStub_ADD_OverwriteLeft_SMI+SMI"
code-creation,Stub,2,0x15a1c4e0,173,"FastCloneShallowObjectStub"
code-creation,LazyCompile,0,0x15a1c5a0,368," native v8natives.js:1300",0x1e50f250,
code-creation,LazyCompile,0,0x15a1c5a0,368," native v8natives.js:1300",0x1e50f250,
code-creation,CallInitialize,7,0x15a1c720,180,"args_count: 20"
code-creation,CallInitialize,7,0x15a1c7e0,180,"args_count: 28"
code-creation,LazyCompile,0,0x15a1c8a0,740,"SetUpObject native v8natives.js:1315",0x1e50e078,
code-creation,CallPreMonomorphic,7,0x15a1cba0,180,"args_count: 20"
code-creation,CallPreMonomorphic,7,0x15a1cc60,180,"args_count: 28"
code-creation,CallInitialize,7,0x15a1cd20,180,"args_count: 4"
code-creation,LazyCompile,0,0x15a1cde0,272,"SetUpBoolean native v8natives.js:1380",0x1e50e1b0,
code-creation,CallPreMonomorphic,7,0x15a1cf00,180,"args_count: 4"
code-creation,LazyCompile,0,0x15a1cfc0,336," native v8natives.js:1395",0x1e50f2b8,
code-creation,LazyCompile,0,0x15a1cfc0,336," native v8natives.js:1395",0x1e50f2b8,
code-creation,Stub,13,0x15a1d120,116,"CompareICStub"
code-creation,LazyCompile,0,0x15a1d1a0,464,"ToNumber native runtime.js:527",0x1e50b1d0,
code-creation,LazyCompile,0,0x15a1d380,816,"SetUpNumber native v8natives.js:1540",0x1e50e558,
code-creation,CallInitialize,7,0x15a1d6c0,180,"args_count: 2"
code-creation,LazyCompile,0,0x15a1d780,944,"NewFunction native v8natives.js:1691",0x1e50e6f8,
code-creation,LazyCompile,0,0x15a1d780,944,"NewFunction native v8natives.js:1691",0x1e50e6f8,
code-creation,LazyCompile,0,0x15a1db40,272,"SetUpFunction native v8natives.js:1719",0x1e50e760,
code-creation,Script,0,0x15a1dc60,268,"native array.js",0x1e511558,
code-creation,Stub,2,0x15a1dd80,160,"FastNewContextStub"
code-creation,Stub,2,0x15a1de20,304,"FastNewClosureStub"
code-creation,Stub,2,0x15a1df60,243,"CallFunctionStub_Args2_Recording"
code-creation,Stub,2,0x15a1e060,243,"CallFunctionStub_Args3_Recording"
code-creation,CallInitialize,7,0x15a1e160,189,"args_count: 42"
code-creation,LazyCompile,0,0x15a1e220,1984,"SetUpArray native array.js:1498",0x1e51138c,
code-creation,CallPreMonomorphic,7,0x15a1e9e0,180,"args_count: 2"
code-creation,LazyCompile,0,0x15a1eaa0,292,"SetUpArray.b native array.js:1511",0x1e511c4c,
code-creation,CallPreMonomorphic,7,0x15a1ebe0,178,"args_count: 1"
code-creation,LazyCompile,0,0x15a1eca0,460,"hasOwnProperty native v8natives.js:259",0x1e50ce98,
code-creation,Stub,14,0x15a1ee80,111,"ToBooleanStub_Bool"
code-creation,CallMiss,7,0x15a1ef00,178,"args_count: 1"
code-creation,CallIC,7,0x15a1efc0,126,"hasOwnProperty"
code-creation,KeyedLoadIC,6,0x15a1f040,109,"push"
code-creation,KeyedLoadIC,6,0x15a1f040,109,"push"
code-creation,KeyedLoadIC,6,0x15a1f0c0,109,"concat"
code-creation,KeyedLoadIC,6,0x15a1f0c0,109,"concat"
code-creation,CallPreMonomorphic,7,0x15a1f140,189,"args_count: 42"
code-creation,Stub,2,0x15a1f200,163,"FastCloneShallowArrayStub"
code-creation,CallInitialize,7,0x15a1f2c0,180,"args_count: 6"
code-creation,Script,0,0x15a1f380,688,"native string.js",0x1e5139e4,
code-creation,LazyCompile,0,0x15a1f640,380," native string.js:36",0x1e5137f8,
code-creation,LazyCompile,0,0x15a1f640,380," native string.js:36",0x1e5137f8,
code-creation,CallPreMonomorphic,7,0x15a1f7c0,180,"args_count: 6"
code-creation,CallInitialize,7,0x15a1f880,189,"args_count: 70"
code-creation,LazyCompile,0,0x15a1f940,1032,"SetUpString native string.js:958",0x1e513608,
code-creation,CallPreMonomorphic,7,0x15a1fd60,189,"args_count: 70"
code-creation,Script,0,0x15a1fe20,264,"native uri.js",0x1e514bac,
code-creation,LazyCompile,0,0x15a1ff40,336,"SetUpUri native uri.js:438",0x1e514a68,
code-creation,Script,0,0x15a200a0,472,"native math.js",0x1e515888,
code-creation,LazyCompile,0,0x15a20280,164,"MathConstructor native math.js:37",0x1e514f6c,
code-creation,CallInitialize,7,0x15a20340,189,"args_count: 36"
code-creation,LazyCompile,0,0x15a20400,952,"SetUpMath native math.js:217",0x1e515724,
code-creation,CallPreMonomorphic,7,0x15a207c0,189,"args_count: 36"
code-creation,CallInitialize,7,0x15a20880,180,"args_count: 7"
code-creation,CallInitialize,7,0x15a20940,180,"args_count: 14"
code-creation,CallInitialize,7,0x15a20a00,180,"args_count: 5"
code-creation,CallInitialize,7,0x15a20ac0,189,"args_count: 32"
code-creation,Stub,2,0x15a20b80,190,"FastCloneShallowArrayStub"
code-creation,Script,0,0x15a20c40,1664,"native messages.js",0x1e518930,
code-creation,LazyCompile,0,0x15a212c0,216," native messages.js:266",0x1e518884,
code-creation,LazyCompile,0,0x15a212c0,216," native messages.js:266",0x1e518884,
code-creation,CallPreMonomorphic,7,0x15a213a0,180,"args_count: 7"
code-creation,CallPreMonomorphic,7,0x15a21460,180,"args_count: 14"
code-creation,CallPreMonomorphic,7,0x15a21520,180,"args_count: 5"
code-creation,CallPreMonomorphic,7,0x15a215e0,189,"args_count: 32"
code-creation,Stub,2,0x15a216a0,243,"CallFunctionStub_Args1_Recording"
code-creation,LazyCompile,0,0x15a217a0,460,"SetUpError native messages.js:1106",0x1e51848c,
code-creation,Stub,2,0x15a21980,1420,"RecordWriteStub"
code-creation,LazyCompile,0,0x15a21f20,692,"SetUpError.a native messages.js:1109",0x1e519430,
code-creation,Stub,2,0x15a221e0,1247,"StringAddStub"
code-creation,Stub,12,0x15a226c0,124,"BinaryOpStub_ADD_Alloc_String+String"
code-creation,Stub,13,0x15a22740,141,"CompareICStub"
code-creation,LazyCompile,0,0x15a227e0,164,"d native messages.js:1125",0x1e5197dc,
code-creation,LazyCompile,0,0x15a228a0,360," native messages.js:1135",0x1e519844,
code-creation,LazyCompile,0,0x15a228a0,360," native messages.js:1135",0x1e519844,
code-creation,LoadIC,5,0x15a22a20,102,"global"
code-creation,LoadIC,5,0x15a22a20,102,"global"
code-creation,LoadIC,5,0x15a22aa0,102,"builtins"
code-creation,LoadIC,5,0x15a22aa0,102,"builtins"
code-creation,Stub,2,0x15a22b20,163,"FastNewContextStub"
code-creation,LazyCompile,0,0x15a22be0,516,"captureStackTrace native messages.js:1079",0x1e518424,
code-creation,Stub,14,0x15a22e00,101,"ToBooleanStub_Undefined"
code-creation,LazyCompile,0,0x15a228a0,360," native messages.js:1135",0x1e519844,
code-creation,LoadIC,5,0x15a22e80,102,"$Error"
code-creation,LoadIC,5,0x15a22e80,102,"$Error"
code-creation,CallMiss,7,0x15a22f00,180,"args_count: 2"
code-creation,CallIC,7,0x15a22fc0,131,"captureStackTrace"
code-creation,LoadIC,5,0x15a23060,133,""
code-creation,LoadIC,5,0x15a23060,133,""
code-creation,LazyCompile,0,0x15a228a0,360," native messages.js:1135",0x1e519844,
code-creation,LazyCompile,0,0x15a228a0,360," native messages.js:1135",0x1e519844,
code-creation,LazyCompile,0,0x15a228a0,360," native messages.js:1135",0x1e519844,
code-creation,LazyCompile,0,0x15a228a0,360," native messages.js:1135",0x1e519844,
code-creation,LazyCompile,0,0x15a228a0,360," native messages.js:1135",0x1e519844,
code-creation,LazyCompile,0,0x15a23100,292,"SetUpStackOverflowBoilerplate native messages.js:1234",0x1e51862c,
code-creation,LazyCompile,0,0x15a23240,200,"MakeRangeError native messages.js:307",0x1e5173e4,
code-creation,LazyCompile,0,0x15a23320,268,"MakeGenericError native messages.js:254",0x1e5171dc,
code-creation,LazyCompile,0,0x15a23440,268,"FormatMessage native messages.js:273",0x1e517244,
code-creation,Stub,12,0x15a23560,88,"BinaryOpStub_SHR_OverwriteLeft_Uninitialized+Uninitialized"
code-creation,LazyCompile,0,0x15a235c0,1432,"FormatString native messages.js:159",0x1e516fd4,
code-creation,LazyCompile,0,0x15a23b60,420,"ToString native runtime.js:550",0x1e50b2a0,
code-creation,LoadIC,5,0x15a23d20,133,""
code-creation,LoadIC,5,0x15a23d20,133,""
code-creation,Script,0,0x15a23dc0,268,"native apinatives.js",0x1e519f48,
code-creation,Stub,2,0x15a23ee0,185,"FastCloneShallowObjectStub"
code-creation,Script,0,0x15a23fa0,728,"native date.js",0x1e51bf80,
code-creation,StoreIC,9,0x15a24280,140,"time"
code-creation,StoreIC,9,0x15a24280,140,"time"
code-creation,CallInitialize,7,0x15a24320,178,"args_count: 0"
code-creation,Stub,13,0x15a243e0,104,"CompareICStub"
code-creation,LazyCompile,0,0x15a24460,1392," native date.js:145",0x1e51bedc,
code-creation,LazyCompile,0,0x15a24460,1392," native date.js:145",0x1e51bedc,
code-creation,CallInitialize,7,0x15a249e0,189,"args_count: 92"
code-creation,LazyCompile,0,0x15a24aa0,1276,"SetUpDate native date.js:768",0x1e51bc0c,
code-creation,CallPreMonomorphic,7,0x15a24fa0,189,"args_count: 92"
code-creation,Script,0,0x15a25060,264,"native json.js",0x1e51ce60,
code-creation,LazyCompile,0,0x15a25180,260,"SetUpJSON native json.js:210",0x1e51cd14,
code-creation,Script,0,0x15a252a0,404,"native regexp.js",0x1e51d8d0,
code-creation,CallInitialize,7,0x15a25440,180,"args_count: 8"
code-creation,LazyCompile,0,0x15a25500,1560,"SetUpRegExp native regexp.js:404",0x1e51d77c,
code-creation,LazyCompile,0,0x15a25b20,324,"RegExpConstructor native regexp.js:86",0x1e51d1cc,
code-creation,LazyCompile,0,0x15a25b20,324,"RegExpConstructor native regexp.js:86",0x1e51d1cc,
code-creation,CallPreMonomorphic,7,0x15a25c80,180,"args_count: 8"
code-creation,Stub,2,0x15a25d40,1445,"StringAddStub"
code-creation,Stub,2,0x15a26300,1442,"StringAddStub"
code-creation,Stub,12,0x15a268c0,133,"BinaryOpStub_ADD_Alloc_String+SMI"
code-creation,CallPreMonomorphic,7,0x15a26960,178,"args_count: 2"
code-creation,LazyCompile,0,0x15a26a20,460,"ToPrimitive native runtime.js:506",0x1e50b100,
code-creation,LazyCompile,0,0x15a26c00,224,"RegExpMakeCaptureGetter native regexp.js:364",0x1e51d714,
code-creation,LoadIC,5,0x15a26ce0,102,"$RegExp"
code-creation,LoadIC,5,0x15a26ce0,102,"$RegExp"
code-creation,Stub,13,0x15a26d60,513,"CompareICStub"
code-creation,CallMiss,7,0x15a26f80,180,"args_count: 1"
code-creation,CallIC,7,0x15a27040,131,"RegExpMakeCaptureGetter"
code-creation,Function,0,0x15a270e0,172,"mytest mytest.bin:1",0x1e51e1f0,
code-creation,Script,0,0x15a271a0,152,"mytest.bin",0x1e51e290,
snapshot-code-name,4220,"Stub:RecordWriteStub"
snapshot-code-name,4933,"Stub:StoreBufferOverflowStub"
snapshot-code-name,5102,"Stub:CompareICStub"
snapshot-code-name,5259,"Stub:CEntryStub"
snapshot-code-name,6079,"Stub:FastCloneShallowArrayStub"
snapshot-code-name,6513,"Stub:FastCloneShallowArrayStub"
snapshot-code-name,6987,"Stub:ToBooleanStub_Undefined"
snapshot-code-name,7156,"Stub:ToNumberStub"
snapshot-code-name,7320,"Stub:RecordWriteStub"
snapshot-code-name,8981,"Stub:ToBooleanStub_None"
snapshot-code-name,9120,"Stub:RecordWriteStub"
snapshot-code-name,10782,"Stub:CompareICStub"
snapshot-code-name,11390,"Stub:RecordWriteStub"
snapshot-code-name,13087,"Stub:RecordWriteStub"
snapshot-code-name,14781,"Stub:RecordWriteStub"
snapshot-code-name,16446,"Stub:RecordWriteStub"
snapshot-code-name,17159,"Stub:CompareICStub"
snapshot-code-name,17328,"Stub:NumberToStringStub"
snapshot-code-name,17605,"Stub:StringAddStub"
snapshot-code-name,19272,"Stub:BinaryOpStub_ADD_OverwriteLeft_SMI+SMI"
snapshot-code-name,19443,"Stub:RecordWriteStub"
snapshot-code-name,21108,"Stub:CompareICStub"
snapshot-code-name,21277,"Stub:StoreBufferOverflowStub"
snapshot-code-name,21550,"Stub:StringAddStub"
snapshot-code-name,22983,"Stub:BinaryOpStub_SUB_Alloc_Uninitialized+Uninitialized"
snapshot-code-name,23122,"Stub:RecordWriteStub"
snapshot-code-name,24815,"Stub:CompareICStub"
snapshot-code-name,24988,"Stub:CallFunctionStub_Args3_Recording"
snapshot-code-name,25276,"Builtin:ArgumentsAdaptorTrampoline"
snapshot-code-name,25515,"Stub:CompareICStub"
snapshot-code-name,25688,"Stub:FastNewContextStub"
snapshot-code-name,25906,"Stub:CompareICStub"
snapshot-code-name,26079,"Stub:RecordWriteStub"
snapshot-code-name,27755,"Stub:CompareICStub"
snapshot-code-name,27960,"Stub:FastNewContextStub"
snapshot-code-name,28216,"Stub:InterruptStub"
snapshot-code-name,28352,"Stub:ArgumentsAccessStub_NewNonStrictFast"
snapshot-code-name,28803,"Stub:BinaryOpStub_ADD_Alloc_String+SMI"
snapshot-code-name,28992,"Stub:StringAddStub"
snapshot-code-name,30670,"Stub:StackCheckStub"
snapshot-code-name,30805,"Stub:FastCloneShallowArrayStub"
snapshot-code-name,31056,"Stub:CompareICStub"
snapshot-code-name,31226,"Stub:CallFunctionStub_Args2_Recording"
snapshot-code-name,31537,"Stub:FastCloneShallowObjectStub"
snapshot-code-name,31780,"Stub:ToBooleanStub_SpecObject"
snapshot-code-name,31951,"Stub:BinaryOpStub_ADD_Alloc_SMI+SMI"
snapshot-code-name,32121,"Stub:CallConstructStub_Recording"
snapshot-code-name,32362,"Stub:KeyedLoadElementStub"
snapshot-code-name,32619,"Stub:ToBooleanStub_Bool"
snapshot-code-name,32798,"Stub:StringDictionaryLookupStub"
snapshot-code-name,33642,"Stub:FastCloneShallowArrayStub"
snapshot-code-name,33886,"Stub:RecordWriteStub"
snapshot-code-name,35550,"Stub:BinaryOpStub_ADD_OverwriteLeft_Uninitialized+Uninitialized"
snapshot-code-name,35689,"Stub:CallFunctionStub_Args1_Recording"
snapshot-code-name,36001,"Stub:RecordWriteStub"
snapshot-code-name,36711,"Stub:CompareICStub"
snapshot-code-name,36881,"Stub:CompareICStub"
snapshot-code-name,37053,"Stub:FastCloneShallowObjectStub"
snapshot-code-name,37315,"Stub:BinaryOpStub_SHR_OverwriteLeft_Uninitialized+Uninitialized"
snapshot-code-name,37453,"Stub:RecordWriteStub"
snapshot-code-name,39114,"Stub:StringCompareStub"
snapshot-code-name,39386,"Stub:RecordWriteStub"
snapshot-code-name,41052,"Stub:StringAddStub"
snapshot-code-name,42547,"Stub:FastCloneShallowArrayStub"
snapshot-code-name,43019,"Stub:BinaryOpStub_SAR_Alloc_Uninitialized+Uninitialized"
snapshot-code-name,43156,"Stub:BinaryOpStub_SAR_Alloc_SMI+SMI"
snapshot-code-name,43327,"Stub:BinaryOpStub_ADD_Alloc_Uninitialized+Uninitialized"
snapshot-code-name,43465,"Stub:RecordWriteStub"
snapshot-code-name,45127,"Stub:FastNewClosureStub"
snapshot-code-name,45494,"Stub:RecordWriteStub"
snapshot-code-name,47216,"Stub:RecordWriteStub"
snapshot-code-name,48881,"Stub:StoreArrayLiteralElementStub"
snapshot-code-name,49194,"Stub:JSEntryStub"
snapshot-code-name,49539,"Stub:JSConstructEntryStub"
snapshot-code-name,49885,"Stub:RecordWriteStub"
snapshot-code-name,50596,"Stub:StringDictionaryLookupStub"
snapshot-code-name,51443,"Stub:BinaryOpStub_ADD_Alloc_String+String"
snapshot-code-name,51618,"Stub:StringDictionaryLookupStub"
snapshot-code-name,52462,"Stub:CallConstructStub"
snapshot-code-name,52657,"Stub:ArgumentsAccessStub_ReadElement"
snapshot-code-name,52881,"CallMiss:1"
snapshot-code-name,53124,"CallInitialize:4"
snapshot-code-name,53367,"CallInitialize:28"
snapshot-code-name,53610,"CallInitialize:14"
snapshot-code-name,53853,"CallInitialize:1"
snapshot-code-name,54099,"CallPreMonomorphic:2"
snapshot-code-name,54342,"CallPreMonomorphic:36"
snapshot-code-name,54585,"CallInitialize:7"
snapshot-code-name,54831,"CallPreMonomorphic:92"
snapshot-code-name,55078,"CallPreMonomorphic:0"
snapshot-code-name,55324,"CallInitialize:3"
snapshot-code-name,55570,"CallInitialize:38"
snapshot-code-name,55816,"CallMiss:2"
snapshot-code-name,56062,"CallInitialize:6"
snapshot-code-name,56305,"CallPreMonomorphic:6"
snapshot-code-name,56551,"CallPreMonomorphic:12"
snapshot-code-name,56798,"CallPreMonomorphic:8"
snapshot-code-name,57045,"CallInitialize:20"
snapshot-code-name,57291,"CallPreMonomorphic:38"
snapshot-code-name,57534,"CallPreMonomorphic:14"
snapshot-code-name,57780,"CallPreMonomorphic:1"
snapshot-code-name,58023,"CallPreMonomorphic:42"
snapshot-code-name,58269,"CallInitialize:92"
snapshot-code-name,58515,"CallInitialize:12"
snapshot-code-name,58758,"CallPreMonomorphic:3"
snapshot-code-name,59001,"CallPreMonomorphic:32"
snapshot-code-name,59248,"CallPreMonomorphic:28"
snapshot-code-name,59491,"CallMiss:1"
snapshot-code-name,59738,"CallPreMonomorphic:1"
snapshot-code-name,59981,"CallPreMonomorphic:5"
snapshot-code-name,60227,"CallInitialize:0"
snapshot-code-name,60470,"CallInitialize:42"
snapshot-code-name,60716,"CallPreMonomorphic:4"
snapshot-code-name,60959,"CallPreMonomorphic:20"
snapshot-code-name,61202,"CallInitialize:0"
snapshot-code-name,61445,"CallPreMonomorphic:2"
snapshot-code-name,61688,"CallPreMonomorphic:7"
snapshot-code-name,61935,"CallInitialize:8"
snapshot-code-name,62178,"CallInitialize:2"
snapshot-code-name,62424,"CallInitialize:1"
snapshot-code-name,62667,"CallInitialize:70"
snapshot-code-name,62910,"CallInitialize:5"
snapshot-code-name,63156,"CallInitialize:32"
snapshot-code-name,63402,"CallInitialize:10"
snapshot-code-name,63645,"CallInitialize:2"
snapshot-code-name,63888,"CallPreMonomorphic:70"
snapshot-code-name,64131,"CallInitialize:36"
snapshot-code-name,64377,"CallPreMonomorphic:10"
snapshot-code-name,83393,"Builtin:Return_DebugBreak"
snapshot-code-name,83561,"Builtin:Slot_DebugBreak"
snapshot-code-name,83785,"Builtin:EmptyFunction"
snapshot-code-name,83918,"Builtin:JSConstructStubGeneric"
snapshot-code-name,84607,"Script:native runtime.js"
snapshot-code-name,85671,"LazyCompile:EQUALS native runtime.js:54"
snapshot-code-name,90926,"LazyCompile:STRICT_EQUALS native runtime.js:100"
snapshot-code-name,91577,"LazyCompile:COMPARE native runtime.js:120"
snapshot-code-name,93014,"LazyCompile:ADD native runtime.js:163"
snapshot-code-name,94070,"LazyCompile:STRING_ADD_LEFT native runtime.js:183"
snapshot-code-name,94966,"LazyCompile:STRING_ADD_RIGHT native runtime.js:198"
snapshot-code-name,95896,"LazyCompile:SUB native runtime.js:214"
snapshot-code-name,96512,"LazyCompile:MUL native runtime.js:222"
snapshot-code-name,97097,"LazyCompile:DIV native runtime.js:230"
snapshot-code-name,97682,"LazyCompile:MOD native runtime.js:238"
snapshot-code-name,98273,"LazyCompile:BIT_OR native runtime.js:252"
snapshot-code-name,98864,"LazyCompile:BIT_AND native runtime.js:260"
snapshot-code-name,99561,"LazyCompile:BIT_XOR native runtime.js:282"
snapshot-code-name,100156,"LazyCompile:UNARY_MINUS native runtime.js:290"
snapshot-code-name,100658,"LazyCompile:BIT_NOT native runtime.js:297"
snapshot-code-name,101156,"LazyCompile:SHL native runtime.js:304"
snapshot-code-name,101743,"LazyCompile:SAR native runtime.js:312"
snapshot-code-name,102436,"LazyCompile:SHR native runtime.js:334"
snapshot-code-name,103027,"LazyCompile:DELETE native runtime.js:348"
snapshot-code-name,103550,"LazyCompile:IN native runtime.js:354"
snapshot-code-name,104311,"LazyCompile:INSTANCE_OF native runtime.js:367"
snapshot-code-name,105285,"Builtin:KeyedLoadIC_Initialize"
snapshot-code-name,105418,"Builtin:LoadIC_Initialize"
snapshot-code-name,105793,"LazyCompile:FILTER_KEY native runtime.js:398"
snapshot-code-name,106312,"LazyCompile:CALL_NON_FUNCTION native runtime.js:405"
snapshot-code-name,107095,"LazyCompile:CALL_NON_FUNCTION_AS_CONSTRUCTOR native runtime.js:414"
snapshot-code-name,107835,"LazyCompile:CALL_FUNCTION_PROXY native runtime.js:423"
snapshot-code-name,108429,"LazyCompile:CALL_FUNCTION_PROXY_AS_CONSTRUCTOR native runtime.js:431"
snapshot-code-name,108980,"LazyCompile:APPLY_PREPARE native runtime.js:438"
snapshot-code-name,110708,"LazyCompile:APPLY_OVERFLOW native runtime.js:476"
snapshot-code-name,111194,"LazyCompile:TO_OBJECT native runtime.js:482"
snapshot-code-name,111603,"LazyCompile:TO_NUMBER native runtime.js:488"
snapshot-code-name,112012,"LazyCompile:TO_STRING native runtime.js:494"
snapshot-code-name,112402,"LazyCompile:ToPrimitive native runtime.js:506"
snapshot-code-name,113256,"LazyCompile:ToBoolean native runtime.js:517"
snapshot-code-name,114008,"LazyCompile:ToNumber native runtime.js:527"
snapshot-code-name,114797,"Builtin:LazyCompile"
snapshot-code-name,115042,"LazyCompile:ToString native runtime.js:550"
snapshot-code-name,117055,"Script:native v8natives.js"
snapshot-code-name,119311,"LazyCompile:InstallFunctions native v8natives.js:48"
snapshot-code-name,127494,"LazyCompile:SetUpLockedPrototype native v8natives.js:77"
snapshot-code-name,128782,"Builtin:StoreIC_Initialize"
snapshot-code-name,129689,"LazyCompile:SetUpGlobal native v8natives.js:187"
snapshot-code-name,131075,"LazyCompile:hasOwnProperty native v8natives.js:259"
snapshot-code-name,137240,"LazyCompile:SetUpObject native v8natives.js:1315"
snapshot-code-name,139089,"LazyCompile:SetUpBoolean native v8natives.js:1380"
snapshot-code-name,140553,"LazyCompile:SetUpNumber native v8natives.js:1540"
snapshot-code-name,142778,"LazyCompile:NewFunction native v8natives.js:1691"
snapshot-code-name,144101,"Builtin:KeyedStoreIC_Initialize"
snapshot-code-name,144766,"LazyCompile:SetUpFunction native v8natives.js:1719"
snapshot-code-name,145440,"LazyCompile: native v8natives.js:215"
snapshot-code-name,149105,"LazyCompile: native v8natives.js:1300"
snapshot-code-name,149811,"LazyCompile: native v8natives.js:1395"
snapshot-code-name,150674,"Script:native json.js"
snapshot-code-name,152789,"LazyCompile:SetUpJSON native json.js:210"
snapshot-code-name,153686,"Script:native array.js"
snapshot-code-name,164265,"LazyCompile:SetUpArray native array.js:1498"
snapshot-code-name,167288,"LazyCompile:SetUpArray.b native array.js:1511"
snapshot-code-name,169017,"Script:native uri.js"
snapshot-code-name,173435,"LazyCompile:SetUpUri native uri.js:438"
snapshot-code-name,174356,"Script:native string.js"
snapshot-code-name,184776,"LazyCompile:SetUpString native string.js:958"
snapshot-code-name,186925,"LazyCompile: native string.js:36"
snapshot-code-name,188348,"Script:native messages.js"
snapshot-code-name,190819,"LazyCompile:FormatString native messages.js:159"
snapshot-code-name,198619,"LazyCompile:MakeGenericError native messages.js:254"
snapshot-code-name,199203,"LazyCompile:FormatMessage native messages.js:273"
snapshot-code-name,200104,"LazyCompile:MakeRangeError native messages.js:307"
snapshot-code-name,205345,"LazyCompile:captureStackTrace native messages.js:1079"
snapshot-code-name,206576,"LazyCompile:SetUpError native messages.js:1106"
snapshot-code-name,207276,"LazyCompile:SetUpError.a native messages.js:1109"
snapshot-code-name,208344,"LazyCompile:d native messages.js:1125"
snapshot-code-name,208870,"LazyCompile: native messages.js:1135"
snapshot-code-name,211132,"LazyCompile:SetUpStackOverflowBoilerplate native messages.js:1234"
snapshot-code-name,226468,"LazyCompile: native messages.js:266"
snapshot-code-name,228603,"Script:native regexp.js"
snapshot-code-name,231405,"LazyCompile:RegExpConstructor native regexp.js:86"
snapshot-code-name,233420,"LazyCompile:RegExpMakeCaptureGetter native regexp.js:364"
snapshot-code-name,234039,"LazyCompile:SetUpRegExp native regexp.js:404"
snapshot-code-name,238140,"Script:native apinatives.js"
snapshot-code-name,239322,"Script:native date.js"
snapshot-code-name,252148,"LazyCompile:SetUpDate native date.js:768"
snapshot-code-name,254973,"LazyCompile: native date.js:145"
snapshot-code-name,258426,"Script:native math.js"
snapshot-code-name,259170,"LazyCompile:MathConstructor native math.js:37"
snapshot-code-name,263004,"LazyCompile:SetUpMath native math.js:217"
snapshot-code-name,265542,"Builtin:Illegal"
snapshot-code-name,265672,"Builtin:InternalArrayCodeGeneric"
snapshot-code-name,265799,"Builtin:ArrayCodeGeneric"
snapshot-code-name,265926,"Builtin:ArrayPush"
snapshot-code-name,266053,"Builtin:ArrayPop"
snapshot-code-name,266180,"Builtin:ArrayShift"
snapshot-code-name,266307,"Builtin:ArrayUnshift"
snapshot-code-name,266434,"Builtin:ArraySlice"
snapshot-code-name,266561,"Builtin:ArraySplice"
snapshot-code-name,266688,"Builtin:ArrayConcat"
snapshot-code-name,266815,"Builtin:HandleApiCall"
snapshot-code-name,266942,"Builtin:HandleApiCallConstruct"
snapshot-code-name,267069,"Builtin:HandleApiCallAsFunction"
snapshot-code-name,267196,"Builtin:HandleApiCallAsConstructor"
snapshot-code-name,267323,"Builtin:StrictModePoisonPill"
snapshot-code-name,267454,"Builtin:InRecompileQueue"
snapshot-code-name,267569,"Builtin:JSConstructStubCountdown"
snapshot-code-name,268195,"Builtin:JSConstructStubApi"
snapshot-code-name,268699,"Builtin:JSEntryTrampoline"
snapshot-code-name,268889,"Builtin:JSConstructEntryTrampoline"
snapshot-code-name,269048,"Builtin:LazyRecompile"
snapshot-code-name,269210,"Builtin:ParallelRecompile"
snapshot-code-name,269372,"Builtin:NotifyDeoptimized"
snapshot-code-name,269580,"Builtin:NotifyLazyDeoptimized"
snapshot-code-name,269788,"Builtin:NotifyICMiss"
snapshot-code-name,269918,"Builtin:NotifyOSR"
snapshot-code-name,270048,"Builtin:LoadIC_Miss"
snapshot-code-name,270175,"Builtin:KeyedLoadIC_Miss"
snapshot-code-name,270302,"Builtin:KeyedLoadIC_MissForceGeneric"
snapshot-code-name,270429,"Builtin:KeyedLoadIC_Slow"
snapshot-code-name,270556,"Builtin:StoreIC_Miss"
snapshot-code-name,270683,"Builtin:KeyedStoreIC_Miss"
snapshot-code-name,270810,"Builtin:KeyedStoreIC_MissForceGeneric"
snapshot-code-name,270937,"Builtin:KeyedStoreIC_Slow"
snapshot-code-name,271067,"Builtin:LoadIC_PreMonomorphic"
snapshot-code-name,271195,"Builtin:LoadIC_Normal"
snapshot-code-name,271562,"Builtin:LoadIC_ArrayLength"
snapshot-code-name,271684,"Builtin:LoadIC_StringLength"
snapshot-code-name,271838,"Builtin:LoadIC_StringWrapperLength"
snapshot-code-name,272024,"Builtin:LoadIC_FunctionPrototype"
snapshot-code-name,272213,"Builtin:LoadIC_Megamorphic"
snapshot-code-name,272580,"Builtin:LoadIC_Getter_ForDeopt"
snapshot-code-name,272703,"Builtin:KeyedLoadIC_PreMonomorphic"
snapshot-code-name,272831,"Builtin:KeyedLoadIC_Generic"
snapshot-code-name,273848,"Builtin:KeyedLoadIC_String"
snapshot-code-name,274517,"Builtin:KeyedLoadIC_IndexedInterceptor"
snapshot-code-name,274723,"Builtin:KeyedLoadIC_NonStrictArguments"
snapshot-code-name,274997,"Builtin:StoreIC_ArrayLength"
snapshot-code-name,275238,"Builtin:StoreIC_Normal"
snapshot-code-name,275676,"Builtin:StoreIC_Megamorphic"
snapshot-code-name,276084,"Builtin:StoreIC_GlobalProxy"
snapshot-code-name,276211,"Builtin:StoreIC_Initialize_Strict"
snapshot-code-name,276338,"Builtin:StoreIC_ArrayLength_Strict"
snapshot-code-name,276579,"Builtin:StoreIC_Normal_Strict"
snapshot-code-name,277018,"Builtin:StoreIC_Megamorphic_Strict"
snapshot-code-name,277426,"Builtin:StoreIC_GlobalProxy_Strict"
snapshot-code-name,277553,"Builtin:StoreIC_Setter_ForDeopt"
snapshot-code-name,277677,"Builtin:KeyedStoreIC_Generic"
snapshot-code-name,279945,"Builtin:KeyedStoreIC_Initialize_Strict"
snapshot-code-name,280073,"Builtin:KeyedStoreIC_Generic_Strict"
snapshot-code-name,282342,"Builtin:KeyedStoreIC_NonStrictArguments"
snapshot-code-name,282686,"Builtin:TransitionElementsSmiToDouble"
snapshot-code-name,283078,"Builtin:TransitionElementsDoubleToObject"
snapshot-code-name,283624,"Builtin:FunctionCall"
snapshot-code-name,284065,"Builtin:FunctionApply"
snapshot-code-name,284542,"Builtin:InternalArrayCode"
snapshot-code-name,285249,"Builtin:ArrayCode"
snapshot-code-name,285956,"Builtin:ArrayConstructCode"
snapshot-code-name,286661,"Builtin:StringConstructCode"
snapshot-code-name,287121,"Builtin:OnStackReplacement"
snapshot-code-name,287737,"Builtin:MakeQuadragenarianCodeYoungAgainOddMarking"
snapshot-code-name,287890,"Builtin:MakeQuadragenarianCodeYoungAgainEvenMarking"
snapshot-code-name,288043,"Builtin:MakeQuinquagenarianCodeYoungAgainOddMarking"
snapshot-code-name,288196,"Builtin:MakeQuinquagenarianCodeYoungAgainEvenMarking"
snapshot-code-name,288349,"Builtin:MakeSexagenarianCodeYoungAgainOddMarking"
snapshot-code-name,288502,"Builtin:MakeSexagenarianCodeYoungAgainEvenMarking"
snapshot-code-name,288655,"Builtin:MakeSeptuagenarianCodeYoungAgainOddMarking"
snapshot-code-name,288808,"Builtin:MakeSeptuagenarianCodeYoungAgainEvenMarking"
snapshot-code-name,288961,"Builtin:MakeOctogenarianCodeYoungAgainOddMarking"
snapshot-code-name,289114,"Builtin:MakeOctogenarianCodeYoungAgainEvenMarking"
snapshot-code-name,289270,"Builtin:CallFunctionStub_DebugBreak"
snapshot-code-name,289439,"Builtin:CallFunctionStub_Recording_DebugBreak"
snapshot-code-name,289608,"Builtin:CallConstructStub_DebugBreak"
snapshot-code-name,289777,"Builtin:CallConstructStub_Recording_DebugBreak"
snapshot-code-name,289946,"Builtin:LoadIC_DebugBreak"
snapshot-code-name,290115,"Builtin:KeyedLoadIC_DebugBreak"
snapshot-code-name,290284,"Builtin:StoreIC_DebugBreak"
snapshot-code-name,290453,"Builtin:KeyedStoreIC_DebugBreak"
snapshot-code-name,290626,"Builtin:PlainReturn_LiveEdit"
snapshot-code-name,290740,"Builtin:FrameDropper_LiveEdit"
snapshot-code-name,294453,"Function:mytest mytest.bin:1"
